INFO  09:58:40 Application started. Press Ctrl+C to shut down.
INFO  09:58:40 Application started. Press Ctrl+C to shut down.
INFO  09:58:40 Hosting environment: Development
INFO  09:58:40 Hosting environment: Development
INFO  09:58:40 Content root path: C:\Stimulation project\AuthService\AuthService
INFO  09:58:40 Content root path: C:\Stimulation project\AuthService\AuthService
INFO  09:59:32 Authentication initiated
INFO  09:59:33 Authentication initiated
INFO  09:59:34 Token Generation initiated
INFO  09:59:34 Token Generation initiated
INFO  09:59:35 Authentication initiated
INFO  09:59:35 Token Generation initiated
INFO  10:00:37 Authentication initiated
INFO  10:00:37 Token Generation initiated
INFO  10:00:40 Authentication initiated
INFO  10:00:40 Token Generation initiated
INFO  10:00:47 Authentication initiated
INFO  10:00:47 Token Generation initiated
INFO  09:23:54 Application started. Press Ctrl+C to shut down.
INFO  09:23:55 Application started. Press Ctrl+C to shut down.
INFO  09:23:55 Hosting environment: Development
INFO  09:23:55 Hosting environment: Development
INFO  09:23:55 Content root path: C:\Stimulation project\AuthService\AuthService
INFO  09:23:55 Content root path: C:\Stimulation project\AuthService\AuthService
INFO  04:23:45 Application started. Press Ctrl+C to shut down.
INFO  04:23:45 Application started. Press Ctrl+C to shut down.
INFO  04:23:45 Hosting environment: Development
INFO  04:23:45 Hosting environment: Development
INFO  04:23:45 Content root path: C:\Stimulation project\AuthService\AuthService
INFO  04:23:45 Content root path: C:\Stimulation project\AuthService\AuthService
INFO  04:26:38 Authentication initiated
INFO  04:26:45 Token Generation initiated
INFO  08:41:59 Application started. Press Ctrl+C to shut down.
INFO  08:41:59 Application started. Press Ctrl+C to shut down.
INFO  08:41:59 Hosting environment: Development
INFO  08:41:59 Hosting environment: Development
INFO  08:41:59 Content root path: C:\Stimulation project\AuthService\AuthService
INFO  08:41:59 Content root path: C:\Stimulation project\AuthService\AuthService
INFO  09:19:00 Application started. Press Ctrl+C to shut down.
INFO  09:19:00 Application started. Press Ctrl+C to shut down.
INFO  09:19:00 Hosting environment: Development
INFO  09:19:00 Hosting environment: Development
INFO  09:19:00 Content root path: C:\Stimulation project\AuthService\AuthService
INFO  09:19:00 Content root path: C:\Stimulation project\AuthService\AuthService
INFO  09:36:40 Application started. Press Ctrl+C to shut down.
INFO  09:36:40 Application started. Press Ctrl+C to shut down.
INFO  09:36:40 Hosting environment: Development
INFO  09:36:40 Hosting environment: Development
INFO  09:36:40 Content root path: C:\Stimulation project\AuthService\AuthService
INFO  09:36:40 Content root path: C:\Stimulation project\AuthService\AuthService
INFO  10:04:12 Application started. Press Ctrl+C to shut down.
INFO  10:04:12 Application started. Press Ctrl+C to shut down.
INFO  10:04:12 Hosting environment: Development
INFO  10:04:12 Hosting environment: Development
INFO  10:04:12 Content root path: C:\Stimulation project\AuthService\AuthService
INFO  10:04:12 Content root path: C:\Stimulation project\AuthService\AuthService
INFO  10:04:56 Authentication initiated
INFO  10:05:09 Token Generation initiated
INFO  10:08:02 Application started. Press Ctrl+C to shut down.
INFO  10:08:02 Application started. Press Ctrl+C to shut down.
INFO  10:08:02 Hosting environment: Development
INFO  10:08:02 Hosting environment: Development
INFO  10:08:02 Content root path: C:\Stimulation project\AuthService\AuthService
INFO  10:08:02 Content root path: C:\Stimulation project\AuthService\AuthService
INFO  10:08:35 Authentication initiated
INFO  10:08:39 Token Generation initiated
INFO  10:15:53 Authentication initiated
INFO  10:15:53 Token Generation initiated
INFO  10:16:58 Authentication initiated
INFO  10:16:58 Token Generation initiated
INFO  10:18:19 Application started. Press Ctrl+C to shut down.
INFO  10:18:19 Application started. Press Ctrl+C to shut down.
INFO  10:18:19 Hosting environment: Development
INFO  10:18:19 Hosting environment: Development
INFO  10:18:19 Content root path: C:\Stimulation project\AuthService\AuthService
INFO  10:18:19 Content root path: C:\Stimulation project\AuthService\AuthService
INFO  10:19:21 Authentication initiated
INFO  10:19:23 Token Generation initiated
INFO  10:27:42 Authentication initiated
INFO  10:27:43 Token Generation initiated
INFO  11:09:36 Authentication initiated
INFO  11:09:58 Authentication initiated
INFO  11:09:58 Token Generation initiated
INFO  10:02:50 Application started. Press Ctrl+C to shut down.
INFO  10:02:51 Application started. Press Ctrl+C to shut down.
INFO  10:02:51 Hosting environment: Development
INFO  10:02:51 Hosting environment: Development
INFO  10:02:51 Content root path: C:\Stimulation project\AuthService\AuthService
INFO  10:02:51 Content root path: C:\Stimulation project\AuthService\AuthService
INFO  11:08:46 Application started. Press Ctrl+C to shut down.
INFO  11:08:46 Application started. Press Ctrl+C to shut down.
INFO  11:08:46 Hosting environment: Development
INFO  11:08:46 Hosting environment: Development
INFO  11:08:46 Content root path: C:\Stimulation project\AuthService\AuthService
INFO  11:08:46 Content root path: C:\Stimulation project\AuthService\AuthService
INFO  11:09:15 Authentication initiated
INFO  11:09:18 Token Generation initiated
INFO  11:11:02 Authentication initiated
INFO  11:11:02 Token Generation initiated
INFO  11:27:12 Application started. Press Ctrl+C to shut down.
INFO  11:27:12 Application started. Press Ctrl+C to shut down.
INFO  11:27:12 Hosting environment: Development
INFO  11:27:12 Hosting environment: Development
INFO  11:27:12 Content root path: C:\Stimulation project\AuthService\AuthService
INFO  11:27:12 Content root path: C:\Stimulation project\AuthService\AuthService
INFO  11:27:37 Authentication initiated
INFO  11:27:41 Token Generation initiated
INFO  11:51:07 Application started. Press Ctrl+C to shut down.
INFO  11:51:07 Application started. Press Ctrl+C to shut down.
INFO  11:51:07 Hosting environment: Development
INFO  11:51:07 Hosting environment: Development
INFO  11:51:07 Content root path: C:\Stimulation project\AuthService\AuthService
INFO  11:51:07 Content root path: C:\Stimulation project\AuthService\AuthService
INFO  12:04:33 Application started. Press Ctrl+C to shut down.
INFO  12:04:33 Application started. Press Ctrl+C to shut down.
INFO  12:04:33 Hosting environment: Development
INFO  12:04:33 Hosting environment: Development
INFO  12:04:33 Content root path: C:\Stimulation project\AuthService\AuthService
INFO  12:04:33 Content root path: C:\Stimulation project\AuthService\AuthService
INFO  12:11:44 Application started. Press Ctrl+C to shut down.
INFO  12:11:44 Application started. Press Ctrl+C to shut down.
INFO  12:11:44 Hosting environment: Development
INFO  12:11:44 Hosting environment: Development
INFO  12:11:44 Content root path: C:\Stimulation project\AuthService\AuthService
INFO  12:11:44 Content root path: C:\Stimulation project\AuthService\AuthService
INFO  12:12:10 Application started. Press Ctrl+C to shut down.
INFO  12:12:10 Application started. Press Ctrl+C to shut down.
INFO  12:12:10 Hosting environment: Development
INFO  12:12:10 Hosting environment: Development
INFO  12:12:10 Content root path: C:\Stimulation project\AuthService\AuthService
INFO  12:12:10 Content root path: C:\Stimulation project\AuthService\AuthService
INFO  12:16:33 Authentication initiated
ERROR 12:16:49 An error occurred using the connection to database 'BookingDatabase' on server '(localdb)\MSSQLLocalDB'.
ERROR 12:16:49 An error occurred using the connection to database 'BookingDatabase' on server '(localdb)\MSSQLLocalDB'.
ERROR 12:16:51 An exception occurred while iterating over the results of a query for context type 'AuthService.Model.UserDbContext'.
Microsoft.Data.SqlClient.SqlException (0x80131904): Connection Timeout Expired.  The timeout period elapsed during the post-login phase.  The connection could have timed out while waiting for server to complete the login process and respond; Or it could have timed out while attempting to create multiple active connections.  The duration spent while attempting to connect to this server was - [Pre-Login] initialization=12476; handshake=146; [Login] initialization=3; authentication=86; [Post-Login] complete=2096; 
 ---> System.ComponentModel.Win32Exception (258): The wait operation timed out.
   at Microsoft.Data.SqlClient.SqlInternalConnection.OnError(SqlException exception, Boolean breakConnection, Action`1 wrapCloseInAction)
   at Microsoft.Data.SqlClient.TdsParser.ThrowExceptionAndWarning(TdsParserStateObject stateObj, Boolean callerHasConnectionLock, Boolean asyncClose)
   at Microsoft.Data.SqlClient.TdsParserStateObject.ThrowExceptionAndWarning(Boolean callerHasConnectionLock, Boolean asyncClose)
   at Microsoft.Data.SqlClient.TdsParserStateObject.ReadSniError(TdsParserStateObject stateObj, UInt32 error)
   at Microsoft.Data.SqlClient.TdsParserStateObject.ReadSniSyncOverAsync()
   at Microsoft.Data.SqlClient.TdsParserStateObject.TryReadNetworkPacket()
   at Microsoft.Data.SqlClient.TdsParserStateObject.TryPrepareBuffer()
   at Microsoft.Data.SqlClient.TdsParserStateObject.TryReadByte(Byte& value)
   at Microsoft.Data.SqlClient.TdsParser.TryRun(RunBehavior runBehavior, SqlCommand cmdHandler, SqlDataReader dataStream, BulkCopySimpleResultSet bulkCopyHandler, TdsParserStateObject stateObj, Boolean& dataReady)
   at Microsoft.Data.SqlClient.TdsParser.Run(RunBehavior runBehavior, SqlCommand cmdHandler, SqlDataReader dataStream, BulkCopySimpleResultSet bulkCopyHandler, TdsParserStateObject stateObj)
   at Microsoft.Data.SqlClient.SqlInternalConnectionTds.CompleteLogin(Boolean enlistOK)
   at Microsoft.Data.SqlClient.SqlInternalConnectionTds.AttemptOneLogin(ServerInfo serverInfo, String newPassword, SecureString newSecurePassword, Boolean ignoreSniOpenTimeout, TimeoutTimer timeout, Boolean withFailover)
   at Microsoft.Data.SqlClient.SqlInternalConnectionTds.LoginNoFailover(ServerInfo serverInfo, String newPassword, SecureString newSecurePassword, Boolean redirectedUserInstance, SqlConnectionString connectionOptions, SqlCredential credential, TimeoutTimer timeout)
   at Microsoft.Data.SqlClient.SqlInternalConnectionTds.OpenLoginEnlist(TimeoutTimer timeout, SqlConnectionString connectionOptions, SqlCredential credential, String newPassword, SecureString newSecurePassword, Boolean redirectedUserInstance)
   at Microsoft.Data.SqlClient.SqlInternalConnectionTds..ctor(DbConnectionPoolIdentity identity, SqlConnectionString connectionOptions, SqlCredential credential, Object providerInfo, String newPassword, SecureString newSecurePassword, Boolean redirectedUserInstance, SqlConnectionString userConnectionOptions, SessionData reconnectSessionData, Boolean applyTransientFaultHandling, String accessToken, DbConnectionPool pool)
   at Microsoft.Data.SqlClient.SqlConnectionFactory.CreateConnection(DbConnectionOptions options, DbConnectionPoolKey poolKey, Object poolGroupProviderInfo, DbConnectionPool pool, DbConnection owningConnection, DbConnectionOptions userOptions)
   at Microsoft.Data.ProviderBase.DbConnectionFactory.CreatePooledConnection(DbConnectionPool pool, DbConnection owningObject, DbConnectionOptions options, DbConnectionPoolKey poolKey, DbConnectionOptions userOptions)
   at Microsoft.Data.ProviderBase.DbConnectionPool.CreateObject(DbConnection owningObject, DbConnectionOptions userOptions, DbConnectionInternal oldConnection)
   at Microsoft.Data.ProviderBase.DbConnectionPool.UserCreateRequest(DbConnection owningObject, DbConnectionOptions userOptions, DbConnectionInternal oldConnection)
   at Microsoft.Data.ProviderBase.DbConnectionPool.TryGetConnection(DbConnection owningObject, UInt32 waitForMultipleObjectsTimeout, Boolean allowCreate, Boolean onlyOneCheckConnection, DbConnectionOptions userOptions, DbConnectionInternal& connection)
   at Microsoft.Data.ProviderBase.DbConnectionPool.TryGetConnection(DbConnection owningObject, TaskCompletionSource`1 retry, DbConnectionOptions userOptions, DbConnectionInternal& connection)
   at Microsoft.Data.ProviderBase.DbConnectionFactory.TryGetConnection(DbConnection owningConnection, TaskCompletionSource`1 retry, DbConnectionOptions userOptions, DbConnectionInternal oldConnection, DbConnectionInternal& connection)
   at Microsoft.Data.ProviderBase.DbConnectionInternal.TryOpenConnectionInternal(DbConnection outerConnection, DbConnectionFactory connectionFactory, TaskCompletionSource`1 retry, DbConnectionOptions userOptions)
   at Microsoft.Data.ProviderBase.DbConnectionClosed.TryOpenConnection(DbConnection outerConnection, DbConnectionFactory connectionFactory, TaskCompletionSource`1 retry, DbConnectionOptions userOptions)
   at Microsoft.Data.SqlClient.SqlConnection.TryOpen(TaskCompletionSource`1 retry, SqlConnectionOverrides overrides)
   at Microsoft.Data.SqlClient.SqlConnection.Open(SqlConnectionOverrides overrides)
   at Microsoft.Data.SqlClient.SqlConnection.Open()
   at Microsoft.EntityFrameworkCore.SqlServer.Storage.Internal.SqlServerConnection.OpenDbConnection(Boolean errorsExpected)
   at Microsoft.EntityFrameworkCore.Storage.RelationalConnection.OpenInternal(Boolean errorsExpected)
   at Microsoft.EntityFrameworkCore.Storage.RelationalConnection.Open(Boolean errorsExpected)
   at Microsoft.EntityFrameworkCore.Storage.RelationalCommand.ExecuteReader(RelationalCommandParameterObject parameterObject)
   at Microsoft.EntityFrameworkCore.Query.Internal.SingleQueryingEnumerable`1.Enumerator.InitializeReader(DbContext _, Boolean result)
   at Microsoft.EntityFrameworkCore.SqlServer.Storage.Internal.SqlServerExecutionStrategy.Execute[TState,TResult](TState state, Func`3 operation, Func`3 verifySucceeded)
   at Microsoft.EntityFrameworkCore.Query.Internal.SingleQueryingEnumerable`1.Enumerator.MoveNext()
ClientConnectionId:00577bda-3a85-49a0-9afc-17868645423c
Error Number:-2,State:0,Class:11
Microsoft.Data.SqlClient.SqlException (0x80131904): Connection Timeout Expired.  The timeout period elapsed during the post-login phase.  The connection could have timed out while waiting for server to complete the login process and respond; Or it could have timed out while attempting to create multiple active connections.  The duration spent while attempting to connect to this server was - [Pre-Login] initialization=12476; handshake=146; [Login] initialization=3; authentication=86; [Post-Login] complete=2096; 
 ---> System.ComponentModel.Win32Exception (258): The wait operation timed out.
   at Microsoft.Data.SqlClient.SqlInternalConnection.OnError(SqlException exception, Boolean breakConnection, Action`1 wrapCloseInAction)
   at Microsoft.Data.SqlClient.TdsParser.ThrowExceptionAndWarning(TdsParserStateObject stateObj, Boolean callerHasConnectionLock, Boolean asyncClose)
   at Microsoft.Data.SqlClient.TdsParserStateObject.ThrowExceptionAndWarning(Boolean callerHasConnectionLock, Boolean asyncClose)
   at Microsoft.Data.SqlClient.TdsParserStateObject.ReadSniError(TdsParserStateObject stateObj, UInt32 error)
   at Microsoft.Data.SqlClient.TdsParserStateObject.ReadSniSyncOverAsync()
   at Microsoft.Data.SqlClient.TdsParserStateObject.TryReadNetworkPacket()
   at Microsoft.Data.SqlClient.TdsParserStateObject.TryPrepareBuffer()
   at Microsoft.Data.SqlClient.TdsParserStateObject.TryReadByte(Byte& value)
   at Microsoft.Data.SqlClient.TdsParser.TryRun(RunBehavior runBehavior, SqlCommand cmdHandler, SqlDataReader dataStream, BulkCopySimpleResultSet bulkCopyHandler, TdsParserStateObject stateObj, Boolean& dataReady)
   at Microsoft.Data.SqlClient.TdsParser.Run(RunBehavior runBehavior, SqlCommand cmdHandler, SqlDataReader dataStream, BulkCopySimpleResultSet bulkCopyHandler, TdsParserStateObject stateObj)
   at Microsoft.Data.SqlClient.SqlInternalConnectionTds.CompleteLogin(Boolean enlistOK)
   at Microsoft.Data.SqlClient.SqlInternalConnectionTds.AttemptOneLogin(ServerInfo serverInfo, String newPassword, SecureString newSecurePassword, Boolean ignoreSniOpenTimeout, TimeoutTimer timeout, Boolean withFailover)
   at Microsoft.Data.SqlClient.SqlInternalConnectionTds.LoginNoFailover(ServerInfo serverInfo, String newPassword, SecureString newSecurePassword, Boolean redirectedUserInstance, SqlConnectionString connectionOptions, SqlCredential credential, TimeoutTimer timeout)
   at Microsoft.Data.SqlClient.SqlInternalConnectionTds.OpenLoginEnlist(TimeoutTimer timeout, SqlConnectionString connectionOptions, SqlCredential credential, String newPassword, SecureString newSecurePassword, Boolean redirectedUserInstance)
   at Microsoft.Data.SqlClient.SqlInternalConnectionTds..ctor(DbConnectionPoolIdentity identity, SqlConnectionString connectionOptions, SqlCredential credential, Object providerInfo, String newPassword, SecureString newSecurePassword, Boolean redirectedUserInstance, SqlConnectionString userConnectionOptions, SessionData reconnectSessionData, Boolean applyTransientFaultHandling, String accessToken, DbConnectionPool pool)
   at Microsoft.Data.SqlClient.SqlConnectionFactory.CreateConnection(DbConnectionOptions options, DbConnectionPoolKey poolKey, Object poolGroupProviderInfo, DbConnectionPool pool, DbConnection owningConnection, DbConnectionOptions userOptions)
   at Microsoft.Data.ProviderBase.DbConnectionFactory.CreatePooledConnection(DbConnectionPool pool, DbConnection owningObject, DbConnectionOptions options, DbConnectionPoolKey poolKey, DbConnectionOptions userOptions)
   at Microsoft.Data.ProviderBase.DbConnectionPool.CreateObject(DbConnection owningObject, DbConnectionOptions userOptions, DbConnectionInternal oldConnection)
   at Microsoft.Data.ProviderBase.DbConnectionPool.UserCreateRequest(DbConnection owningObject, DbConnectionOptions userOptions, DbConnectionInternal oldConnection)
   at Microsoft.Data.ProviderBase.DbConnectionPool.TryGetConnection(DbConnection owningObject, UInt32 waitForMultipleObjectsTimeout, Boolean allowCreate, Boolean onlyOneCheckConnection, DbConnectionOptions userOptions, DbConnectionInternal& connection)
   at Microsoft.Data.ProviderBase.DbConnectionPool.TryGetConnection(DbConnection owningObject, TaskCompletionSource`1 retry, DbConnectionOptions userOptions, DbConnectionInternal& connection)
   at Microsoft.Data.ProviderBase.DbConnectionFactory.TryGetConnection(DbConnection owningConnection, TaskCompletionSource`1 retry, DbConnectionOptions userOptions, DbConnectionInternal oldConnection, DbConnectionInternal& connection)
   at Microsoft.Data.ProviderBase.DbConnectionInternal.TryOpenConnectionInternal(DbConnection outerConnection, DbConnectionFactory connectionFactory, TaskCompletionSource`1 retry, DbConnectionOptions userOptions)
   at Microsoft.Data.ProviderBase.DbConnectionClosed.TryOpenConnection(DbConnection outerConnection, DbConnectionFactory connectionFactory, TaskCompletionSource`1 retry, DbConnectionOptions userOptions)
   at Microsoft.Data.SqlClient.SqlConnection.TryOpen(TaskCompletionSource`1 retry, SqlConnectionOverrides overrides)
   at Microsoft.Data.SqlClient.SqlConnection.Open(SqlConnectionOverrides overrides)
   at Microsoft.Data.SqlClient.SqlConnection.Open()
   at Microsoft.EntityFrameworkCore.SqlServer.Storage.Internal.SqlServerConnection.OpenDbConnection(Boolean errorsExpected)
   at Microsoft.EntityFrameworkCore.Storage.RelationalConnection.OpenInternal(Boolean errorsExpected)
   at Microsoft.EntityFrameworkCore.Storage.RelationalConnection.Open(Boolean errorsExpected)
   at Microsoft.EntityFrameworkCore.Storage.RelationalCommand.ExecuteReader(RelationalCommandParameterObject parameterObject)
   at Microsoft.EntityFrameworkCore.Query.Internal.SingleQueryingEnumerable`1.Enumerator.InitializeReader(DbContext _, Boolean result)
   at Microsoft.EntityFrameworkCore.SqlServer.Storage.Internal.SqlServerExecutionStrategy.Execute[TState,TResult](TState state, Func`3 operation, Func`3 verifySucceeded)
   at Microsoft.EntityFrameworkCore.Query.Internal.SingleQueryingEnumerable`1.Enumerator.MoveNext()
ClientConnectionId:00577bda-3a85-49a0-9afc-17868645423c
Error Number:-2,State:0,Class:11
ERROR 12:16:51 An exception occurred while iterating over the results of a query for context type 'AuthService.Model.UserDbContext'.
Microsoft.Data.SqlClient.SqlException (0x80131904): Connection Timeout Expired.  The timeout period elapsed during the post-login phase.  The connection could have timed out while waiting for server to complete the login process and respond; Or it could have timed out while attempting to create multiple active connections.  The duration spent while attempting to connect to this server was - [Pre-Login] initialization=12476; handshake=146; [Login] initialization=3; authentication=86; [Post-Login] complete=2096; 
 ---> System.ComponentModel.Win32Exception (258): The wait operation timed out.
   at Microsoft.Data.SqlClient.SqlInternalConnection.OnError(SqlException exception, Boolean breakConnection, Action`1 wrapCloseInAction)
   at Microsoft.Data.SqlClient.TdsParser.ThrowExceptionAndWarning(TdsParserStateObject stateObj, Boolean callerHasConnectionLock, Boolean asyncClose)
   at Microsoft.Data.SqlClient.TdsParserStateObject.ThrowExceptionAndWarning(Boolean callerHasConnectionLock, Boolean asyncClose)
   at Microsoft.Data.SqlClient.TdsParserStateObject.ReadSniError(TdsParserStateObject stateObj, UInt32 error)
   at Microsoft.Data.SqlClient.TdsParserStateObject.ReadSniSyncOverAsync()
   at Microsoft.Data.SqlClient.TdsParserStateObject.TryReadNetworkPacket()
   at Microsoft.Data.SqlClient.TdsParserStateObject.TryPrepareBuffer()
   at Microsoft.Data.SqlClient.TdsParserStateObject.TryReadByte(Byte& value)
   at Microsoft.Data.SqlClient.TdsParser.TryRun(RunBehavior runBehavior, SqlCommand cmdHandler, SqlDataReader dataStream, BulkCopySimpleResultSet bulkCopyHandler, TdsParserStateObject stateObj, Boolean& dataReady)
   at Microsoft.Data.SqlClient.TdsParser.Run(RunBehavior runBehavior, SqlCommand cmdHandler, SqlDataReader dataStream, BulkCopySimpleResultSet bulkCopyHandler, TdsParserStateObject stateObj)
   at Microsoft.Data.SqlClient.SqlInternalConnectionTds.CompleteLogin(Boolean enlistOK)
   at Microsoft.Data.SqlClient.SqlInternalConnectionTds.AttemptOneLogin(ServerInfo serverInfo, String newPassword, SecureString newSecurePassword, Boolean ignoreSniOpenTimeout, TimeoutTimer timeout, Boolean withFailover)
   at Microsoft.Data.SqlClient.SqlInternalConnectionTds.LoginNoFailover(ServerInfo serverInfo, String newPassword, SecureString newSecurePassword, Boolean redirectedUserInstance, SqlConnectionString connectionOptions, SqlCredential credential, TimeoutTimer timeout)
   at Microsoft.Data.SqlClient.SqlInternalConnectionTds.OpenLoginEnlist(TimeoutTimer timeout, SqlConnectionString connectionOptions, SqlCredential credential, String newPassword, SecureString newSecurePassword, Boolean redirectedUserInstance)
   at Microsoft.Data.SqlClient.SqlInternalConnectionTds..ctor(DbConnectionPoolIdentity identity, SqlConnectionString connectionOptions, SqlCredential credential, Object providerInfo, String newPassword, SecureString newSecurePassword, Boolean redirectedUserInstance, SqlConnectionString userConnectionOptions, SessionData reconnectSessionData, Boolean applyTransientFaultHandling, String accessToken, DbConnectionPool pool)
   at Microsoft.Data.SqlClient.SqlConnectionFactory.CreateConnection(DbConnectionOptions options, DbConnectionPoolKey poolKey, Object poolGroupProviderInfo, DbConnectionPool pool, DbConnection owningConnection, DbConnectionOptions userOptions)
   at Microsoft.Data.ProviderBase.DbConnectionFactory.CreatePooledConnection(DbConnectionPool pool, DbConnection owningObject, DbConnectionOptions options, DbConnectionPoolKey poolKey, DbConnectionOptions userOptions)
   at Microsoft.Data.ProviderBase.DbConnectionPool.CreateObject(DbConnection owningObject, DbConnectionOptions userOptions, DbConnectionInternal oldConnection)
   at Microsoft.Data.ProviderBase.DbConnectionPool.UserCreateRequest(DbConnection owningObject, DbConnectionOptions userOptions, DbConnectionInternal oldConnection)
   at Microsoft.Data.ProviderBase.DbConnectionPool.TryGetConnection(DbConnection owningObject, UInt32 waitForMultipleObjectsTimeout, Boolean allowCreate, Boolean onlyOneCheckConnection, DbConnectionOptions userOptions, DbConnectionInternal& connection)
   at Microsoft.Data.ProviderBase.DbConnectionPool.TryGetConnection(DbConnection owningObject, TaskCompletionSource`1 retry, DbConnectionOptions userOptions, DbConnectionInternal& connection)
   at Microsoft.Data.ProviderBase.DbConnectionFactory.TryGetConnection(DbConnection owningConnection, TaskCompletionSource`1 retry, DbConnectionOptions userOptions, DbConnectionInternal oldConnection, DbConnectionInternal& connection)
   at Microsoft.Data.ProviderBase.DbConnectionInternal.TryOpenConnectionInternal(DbConnection outerConnection, DbConnectionFactory connectionFactory, TaskCompletionSource`1 retry, DbConnectionOptions userOptions)
   at Microsoft.Data.ProviderBase.DbConnectionClosed.TryOpenConnection(DbConnection outerConnection, DbConnectionFactory connectionFactory, TaskCompletionSource`1 retry, DbConnectionOptions userOptions)
   at Microsoft.Data.SqlClient.SqlConnection.TryOpen(TaskCompletionSource`1 retry, SqlConnectionOverrides overrides)
   at Microsoft.Data.SqlClient.SqlConnection.Open(SqlConnectionOverrides overrides)
   at Microsoft.Data.SqlClient.SqlConnection.Open()
   at Microsoft.EntityFrameworkCore.SqlServer.Storage.Internal.SqlServerConnection.OpenDbConnection(Boolean errorsExpected)
   at Microsoft.EntityFrameworkCore.Storage.RelationalConnection.OpenInternal(Boolean errorsExpected)
   at Microsoft.EntityFrameworkCore.Storage.RelationalConnection.Open(Boolean errorsExpected)
   at Microsoft.EntityFrameworkCore.Storage.RelationalCommand.ExecuteReader(RelationalCommandParameterObject parameterObject)
   at Microsoft.EntityFrameworkCore.Query.Internal.SingleQueryingEnumerable`1.Enumerator.InitializeReader(DbContext _, Boolean result)
   at Microsoft.EntityFrameworkCore.SqlServer.Storage.Internal.SqlServerExecutionStrategy.Execute[TState,TResult](TState state, Func`3 operation, Func`3 verifySucceeded)
   at Microsoft.EntityFrameworkCore.Query.Internal.SingleQueryingEnumerable`1.Enumerator.MoveNext()
ClientConnectionId:00577bda-3a85-49a0-9afc-17868645423c
Error Number:-2,State:0,Class:11
Microsoft.Data.SqlClient.SqlException (0x80131904): Connection Timeout Expired.  The timeout period elapsed during the post-login phase.  The connection could have timed out while waiting for server to complete the login process and respond; Or it could have timed out while attempting to create multiple active connections.  The duration spent while attempting to connect to this server was - [Pre-Login] initialization=12476; handshake=146; [Login] initialization=3; authentication=86; [Post-Login] complete=2096; 
 ---> System.ComponentModel.Win32Exception (258): The wait operation timed out.
   at Microsoft.Data.SqlClient.SqlInternalConnection.OnError(SqlException exception, Boolean breakConnection, Action`1 wrapCloseInAction)
   at Microsoft.Data.SqlClient.TdsParser.ThrowExceptionAndWarning(TdsParserStateObject stateObj, Boolean callerHasConnectionLock, Boolean asyncClose)
   at Microsoft.Data.SqlClient.TdsParserStateObject.ThrowExceptionAndWarning(Boolean callerHasConnectionLock, Boolean asyncClose)
   at Microsoft.Data.SqlClient.TdsParserStateObject.ReadSniError(TdsParserStateObject stateObj, UInt32 error)
   at Microsoft.Data.SqlClient.TdsParserStateObject.ReadSniSyncOverAsync()
   at Microsoft.Data.SqlClient.TdsParserStateObject.TryReadNetworkPacket()
   at Microsoft.Data.SqlClient.TdsParserStateObject.TryPrepareBuffer()
   at Microsoft.Data.SqlClient.TdsParserStateObject.TryReadByte(Byte& value)
   at Microsoft.Data.SqlClient.TdsParser.TryRun(RunBehavior runBehavior, SqlCommand cmdHandler, SqlDataReader dataStream, BulkCopySimpleResultSet bulkCopyHandler, TdsParserStateObject stateObj, Boolean& dataReady)
   at Microsoft.Data.SqlClient.TdsParser.Run(RunBehavior runBehavior, SqlCommand cmdHandler, SqlDataReader dataStream, BulkCopySimpleResultSet bulkCopyHandler, TdsParserStateObject stateObj)
   at Microsoft.Data.SqlClient.SqlInternalConnectionTds.CompleteLogin(Boolean enlistOK)
   at Microsoft.Data.SqlClient.SqlInternalConnectionTds.AttemptOneLogin(ServerInfo serverInfo, String newPassword, SecureString newSecurePassword, Boolean ignoreSniOpenTimeout, TimeoutTimer timeout, Boolean withFailover)
   at Microsoft.Data.SqlClient.SqlInternalConnectionTds.LoginNoFailover(ServerInfo serverInfo, String newPassword, SecureString newSecurePassword, Boolean redirectedUserInstance, SqlConnectionString connectionOptions, SqlCredential credential, TimeoutTimer timeout)
   at Microsoft.Data.SqlClient.SqlInternalConnectionTds.OpenLoginEnlist(TimeoutTimer timeout, SqlConnectionString connectionOptions, SqlCredential credential, String newPassword, SecureString newSecurePassword, Boolean redirectedUserInstance)
   at Microsoft.Data.SqlClient.SqlInternalConnectionTds..ctor(DbConnectionPoolIdentity identity, SqlConnectionString connectionOptions, SqlCredential credential, Object providerInfo, String newPassword, SecureString newSecurePassword, Boolean redirectedUserInstance, SqlConnectionString userConnectionOptions, SessionData reconnectSessionData, Boolean applyTransientFaultHandling, String accessToken, DbConnectionPool pool)
   at Microsoft.Data.SqlClient.SqlConnectionFactory.CreateConnection(DbConnectionOptions options, DbConnectionPoolKey poolKey, Object poolGroupProviderInfo, DbConnectionPool pool, DbConnection owningConnection, DbConnectionOptions userOptions)
   at Microsoft.Data.ProviderBase.DbConnectionFactory.CreatePooledConnection(DbConnectionPool pool, DbConnection owningObject, DbConnectionOptions options, DbConnectionPoolKey poolKey, DbConnectionOptions userOptions)
   at Microsoft.Data.ProviderBase.DbConnectionPool.CreateObject(DbConnection owningObject, DbConnectionOptions userOptions, DbConnectionInternal oldConnection)
   at Microsoft.Data.ProviderBase.DbConnectionPool.UserCreateRequest(DbConnection owningObject, DbConnectionOptions userOptions, DbConnectionInternal oldConnection)
   at Microsoft.Data.ProviderBase.DbConnectionPool.TryGetConnection(DbConnection owningObject, UInt32 waitForMultipleObjectsTimeout, Boolean allowCreate, Boolean onlyOneCheckConnection, DbConnectionOptions userOptions, DbConnectionInternal& connection)
   at Microsoft.Data.ProviderBase.DbConnectionPool.TryGetConnection(DbConnection owningObject, TaskCompletionSource`1 retry, DbConnectionOptions userOptions, DbConnectionInternal& connection)
   at Microsoft.Data.ProviderBase.DbConnectionFactory.TryGetConnection(DbConnection owningConnection, TaskCompletionSource`1 retry, DbConnectionOptions userOptions, DbConnectionInternal oldConnection, DbConnectionInternal& connection)
   at Microsoft.Data.ProviderBase.DbConnectionInternal.TryOpenConnectionInternal(DbConnection outerConnection, DbConnectionFactory connectionFactory, TaskCompletionSource`1 retry, DbConnectionOptions userOptions)
   at Microsoft.Data.ProviderBase.DbConnectionClosed.TryOpenConnection(DbConnection outerConnection, DbConnectionFactory connectionFactory, TaskCompletionSource`1 retry, DbConnectionOptions userOptions)
   at Microsoft.Data.SqlClient.SqlConnection.TryOpen(TaskCompletionSource`1 retry, SqlConnectionOverrides overrides)
   at Microsoft.Data.SqlClient.SqlConnection.Open(SqlConnectionOverrides overrides)
   at Microsoft.Data.SqlClient.SqlConnection.Open()
   at Microsoft.EntityFrameworkCore.SqlServer.Storage.Internal.SqlServerConnection.OpenDbConnection(Boolean errorsExpected)
   at Microsoft.EntityFrameworkCore.Storage.RelationalConnection.OpenInternal(Boolean errorsExpected)
   at Microsoft.EntityFrameworkCore.Storage.RelationalConnection.Open(Boolean errorsExpected)
   at Microsoft.EntityFrameworkCore.Storage.RelationalCommand.ExecuteReader(RelationalCommandParameterObject parameterObject)
   at Microsoft.EntityFrameworkCore.Query.Internal.SingleQueryingEnumerable`1.Enumerator.InitializeReader(DbContext _, Boolean result)
   at Microsoft.EntityFrameworkCore.SqlServer.Storage.Internal.SqlServerExecutionStrategy.Execute[TState,TResult](TState state, Func`3 operation, Func`3 verifySucceeded)
   at Microsoft.EntityFrameworkCore.Query.Internal.SingleQueryingEnumerable`1.Enumerator.MoveNext()
ClientConnectionId:00577bda-3a85-49a0-9afc-17868645423c
Error Number:-2,State:0,Class:11
INFO  12:37:06 Application started. Press Ctrl+C to shut down.
INFO  12:37:06 Application started. Press Ctrl+C to shut down.
INFO  12:37:06 Hosting environment: Development
INFO  12:37:06 Hosting environment: Development
INFO  12:37:06 Content root path: C:\Stimulation project\AuthService\AuthService
INFO  12:37:06 Content root path: C:\Stimulation project\AuthService\AuthService
INFO  12:38:03  login method is run
INFO  12:38:12  user not null
INFO  12:38:12 Token Generation initiated
INFO  12:38:13  token is obtained
INFO  12:41:48  login method is run
INFO  12:41:48  login method is run
INFO  12:41:48  user not null
INFO  12:41:48 Token Generation initiated
INFO  12:41:48  token is obtained
INFO  12:41:48  user not null
INFO  12:41:48 Token Generation initiated
INFO  12:41:48  token is obtained
INFO  12:50:45  login method is run
INFO  12:50:45  user not null
INFO  12:50:45 Token Generation initiated
INFO  12:50:45  token is obtained
INFO  12:56:49  login method is run
INFO  12:56:49  user not null
INFO  12:56:49 Token Generation initiated
INFO  12:56:49  token is obtained
INFO  01:16:23  login method is run
INFO  01:16:23  user not null
INFO  01:16:23 Token Generation initiated
INFO  01:16:23  token is obtained
INFO  01:26:00  login method is run
INFO  01:26:00  user not null
INFO  01:26:00 Token Generation initiated
INFO  01:26:00  token is obtained
INFO  01:31:12  login method is run
INFO  01:31:12  user not null
INFO  01:31:12 Token Generation initiated
INFO  01:31:12  token is obtained
INFO  01:41:33  login method is run
INFO  01:41:33  user not null
INFO  01:41:33 Token Generation initiated
INFO  01:41:33  token is obtained
INFO  01:47:48  login method is run
INFO  01:47:48  user not null
INFO  01:47:48 Token Generation initiated
INFO  01:47:48  token is obtained
INFO  02:05:37  login method is run
INFO  02:05:37  user not null
INFO  02:05:37 Token Generation initiated
INFO  02:05:37  token is obtained
INFO  02:23:46  login method is run
INFO  02:23:46  user not null
INFO  02:23:46 Token Generation initiated
INFO  02:23:46  token is obtained
INFO  03:49:29 Application started. Press Ctrl+C to shut down.
INFO  03:49:29 Application started. Press Ctrl+C to shut down.
INFO  03:49:29 Hosting environment: Development
INFO  03:49:29 Hosting environment: Development
INFO  03:49:29 Content root path: C:\Stimulation project\AuthService\AuthService
INFO  03:49:29 Content root path: C:\Stimulation project\AuthService\AuthService
INFO  03:58:30 Application started. Press Ctrl+C to shut down.
INFO  03:58:30 Application started. Press Ctrl+C to shut down.
INFO  03:58:30 Hosting environment: Development
INFO  03:58:30 Hosting environment: Development
INFO  03:58:30 Content root path: C:\Stimulation project\AuthService\AuthService
INFO  03:58:30 Content root path: C:\Stimulation project\AuthService\AuthService
INFO  03:59:41  login method is run
INFO  03:59:46  user not null
INFO  03:59:46 Token Generation initiated
INFO  03:59:47  token is obtained
INFO  04:02:36  login method is run
INFO  04:02:37  user not null
INFO  04:02:37 Token Generation initiated
INFO  04:02:37  token is obtained
INFO  04:05:52  login method is run
INFO  04:05:52  user not null
INFO  04:05:52 Token Generation initiated
INFO  04:05:52  token is obtained
INFO  04:09:01  login method is run
INFO  04:09:01  login method is run
INFO  04:09:02  user not null
INFO  04:09:02 Token Generation initiated
INFO  04:09:02  token is obtained
INFO  04:09:02  user not null
INFO  04:09:02 Token Generation initiated
INFO  04:09:02  token is obtained
INFO  04:12:59  login method is run
INFO  04:12:59  login method is run
INFO  04:12:59  user not null
INFO  04:12:59 Token Generation initiated
INFO  04:12:59  token is obtained
INFO  04:12:59  user not null
INFO  04:12:59 Token Generation initiated
INFO  04:12:59  token is obtained
INFO  04:17:32  login method is run
INFO  04:17:32  login method is run
INFO  04:17:33  user not null
INFO  04:17:33  user not null
INFO  04:17:33 Token Generation initiated
INFO  04:17:33 Token Generation initiated
INFO  04:17:33  token is obtained
INFO  04:17:33  token is obtained
INFO  04:28:02  login method is run
INFO  04:28:02  user not null
INFO  04:28:02 Token Generation initiated
INFO  04:28:02  token is obtained
INFO  04:30:47  login method is run
INFO  04:30:47  user not null
INFO  04:30:47 Token Generation initiated
INFO  04:30:47  token is obtained
INFO  04:39:33  login method is run
INFO  04:39:34  user not null
INFO  04:39:34 Token Generation initiated
INFO  04:39:34  token is obtained
INFO  04:49:58  login method is run
INFO  04:49:58  login method is run
INFO  04:49:58  user not null
INFO  04:49:58 Token Generation initiated
INFO  04:49:58  user not null
INFO  04:49:58 Token Generation initiated
INFO  04:49:58  token is obtained
INFO  04:49:58  token is obtained
INFO  04:51:40  login method is run
INFO  04:51:41  user not null
INFO  04:51:41 Token Generation initiated
INFO  04:51:41  token is obtained
INFO  04:56:46  login method is run
INFO  04:56:47  user not null
INFO  04:56:47 Token Generation initiated
INFO  04:56:47  token is obtained
INFO  05:05:55  login method is run
INFO  05:05:56  user not null
INFO  05:05:56 Token Generation initiated
INFO  05:05:56  token is obtained
INFO  05:33:25  login method is run
INFO  05:33:25  user not null
INFO  05:33:25 Token Generation initiated
INFO  05:33:25  token is obtained
INFO  05:35:18  login method is run
INFO  05:35:18  user not null
INFO  05:35:18 Token Generation initiated
INFO  05:35:18  token is obtained
INFO  05:38:07  login method is run
INFO  05:38:08  user not null
INFO  05:38:08 Token Generation initiated
INFO  05:38:08  token is obtained
INFO  05:40:22  login method is run
INFO  05:40:22  user not null
INFO  05:40:22 Token Generation initiated
INFO  05:40:22  token is obtained
INFO  05:47:09  login method is run
INFO  05:47:09  user not null
INFO  05:47:09 Token Generation initiated
INFO  05:47:09  token is obtained
INFO  05:49:13  login method is run
INFO  05:49:14  user not null
INFO  05:49:14 Token Generation initiated
INFO  05:49:14  token is obtained
INFO  05:50:27  login method is run
INFO  05:50:27  user not null
INFO  05:50:27 Token Generation initiated
INFO  05:50:27  token is obtained
INFO  05:51:53  login method is run
INFO  05:51:54  user not null
INFO  05:51:54 Token Generation initiated
INFO  05:51:54  token is obtained
INFO  05:53:26  login method is run
INFO  05:53:28  user not null
INFO  05:53:28 Token Generation initiated
INFO  05:53:28  token is obtained
INFO  05:53:28  login method is run
INFO  05:53:29  user not null
INFO  05:53:29 Token Generation initiated
INFO  05:53:29  token is obtained
