INFO  09:31:26 Application started. Press Ctrl+C to shut down.
INFO  09:31:26 Application started. Press Ctrl+C to shut down.
INFO  09:31:26 Hosting environment: Development
INFO  09:31:26 Hosting environment: Development
INFO  09:31:26 Content root path: C:\Stimulation project\Railway\RailwayReservation
INFO  09:31:26 Content root path: C:\Stimulation project\Railway\RailwayReservation
INFO  09:32:05 Get BookingDetails by Id accessed
INFO  11:41:50 Application started. Press Ctrl+C to shut down.
INFO  11:41:50 Application started. Press Ctrl+C to shut down.
INFO  11:41:50 Hosting environment: Development
INFO  11:41:50 Hosting environment: Development
INFO  11:41:50 Content root path: C:\Stimulation project\Railway\RailwayReservation
INFO  11:41:50 Content root path: C:\Stimulation project\Railway\RailwayReservation
INFO  11:42:39 Get BookingDetails by Id accessed
INFO  11:43:13 Get BookingDetails by Id accessed
INFO  09:41:37 Application started. Press Ctrl+C to shut down.
INFO  09:41:37 Application started. Press Ctrl+C to shut down.
INFO  09:41:37 Hosting environment: Development
INFO  09:41:37 Hosting environment: Development
INFO  09:41:37 Content root path: C:\Stimulation project\Railway\RailwayReservation
INFO  09:41:37 Content root path: C:\Stimulation project\Railway\RailwayReservation
INFO  09:41:41 Get BookingDetails by Id accessed
INFO  09:24:35 Application started. Press Ctrl+C to shut down.
INFO  09:24:35 Application started. Press Ctrl+C to shut down.
INFO  09:24:35 Hosting environment: Development
INFO  09:24:35 Hosting environment: Development
INFO  09:24:35 Content root path: C:\Stimulation project\Railway\RailwayReservation
INFO  09:24:35 Content root path: C:\Stimulation project\Railway\RailwayReservation
INFO  04:36:18 Application started. Press Ctrl+C to shut down.
INFO  04:36:18 Application started. Press Ctrl+C to shut down.
INFO  04:36:18 Hosting environment: Development
INFO  04:36:18 Hosting environment: Development
INFO  04:36:18 Content root path: C:\Stimulation project\Railway\RailwayReservation
INFO  04:36:18 Content root path: C:\Stimulation project\Railway\RailwayReservation
INFO  04:36:44 Get BookingDetails by Id accessed
INFO  10:17:49 Application started. Press Ctrl+C to shut down.
INFO  10:17:49 Application started. Press Ctrl+C to shut down.
INFO  10:17:49 Hosting environment: Development
INFO  10:17:49 Hosting environment: Development
INFO  10:17:49 Content root path: C:\Stimulation project\Railway\RailwayReservation
INFO  10:17:49 Content root path: C:\Stimulation project\Railway\RailwayReservation
INFO  11:08:35 Application started. Press Ctrl+C to shut down.
INFO  11:08:35 Application started. Press Ctrl+C to shut down.
INFO  11:08:35 Hosting environment: Development
INFO  11:08:35 Hosting environment: Development
INFO  11:08:35 Content root path: C:\Stimulation project\Railway\RailwayReservation
INFO  11:08:35 Content root path: C:\Stimulation project\Railway\RailwayReservation
INFO  11:28:21 Application started. Press Ctrl+C to shut down.
INFO  11:28:21 Application started. Press Ctrl+C to shut down.
INFO  11:28:21 Hosting environment: Development
INFO  11:28:21 Hosting environment: Development
INFO  11:28:21 Content root path: C:\Stimulation project\Railway\RailwayReservation
INFO  11:28:21 Content root path: C:\Stimulation project\Railway\RailwayReservation
INFO  11:28:55 Get BookingDetails by Id accessed
INFO  11:42:51 Application started. Press Ctrl+C to shut down.
INFO  11:42:51 Application started. Press Ctrl+C to shut down.
INFO  11:42:51 Hosting environment: Development
INFO  11:42:51 Hosting environment: Development
INFO  11:42:51 Content root path: C:\Stimulation project\Railway\RailwayReservation
INFO  11:42:51 Content root path: C:\Stimulation project\Railway\RailwayReservation
INFO  11:48:31 Now listening on: https://localhost:5001
INFO  11:48:31 Now listening on: https://localhost:5001
INFO  11:48:31 Now listening on: http://localhost:5000
INFO  11:48:31 Now listening on: http://localhost:5000
INFO  11:48:31 Application started. Press Ctrl+C to shut down.
INFO  11:48:31 Application started. Press Ctrl+C to shut down.
INFO  11:48:31 Hosting environment: Development
INFO  11:48:31 Hosting environment: Development
INFO  11:48:31 Content root path: C:\Stimulation project\Railway\RailwayReservation
INFO  11:48:31 Content root path: C:\Stimulation project\Railway\RailwayReservation
INFO  11:49:18 Now listening on: https://localhost:5001
INFO  11:49:18 Now listening on: https://localhost:5001
INFO  11:49:18 Now listening on: http://localhost:5000
INFO  11:49:18 Now listening on: http://localhost:5000
INFO  11:49:18 Application started. Press Ctrl+C to shut down.
INFO  11:49:18 Application started. Press Ctrl+C to shut down.
INFO  11:49:18 Hosting environment: Development
INFO  11:49:18 Hosting environment: Development
INFO  11:49:18 Content root path: C:\Stimulation project\Railway\RailwayReservation
INFO  11:49:18 Content root path: C:\Stimulation project\Railway\RailwayReservation
INFO  11:51:57 Application started. Press Ctrl+C to shut down.
INFO  11:51:57 Application started. Press Ctrl+C to shut down.
INFO  11:51:57 Hosting environment: Development
INFO  11:51:57 Hosting environment: Development
INFO  11:51:57 Content root path: C:\Stimulation project\Railway\RailwayReservation
INFO  11:51:57 Content root path: C:\Stimulation project\Railway\RailwayReservation
INFO  12:05:15 Application started. Press Ctrl+C to shut down.
INFO  12:05:16 Application started. Press Ctrl+C to shut down.
INFO  12:05:16 Hosting environment: Development
INFO  12:05:16 Hosting environment: Development
INFO  12:05:16 Content root path: C:\Stimulation project\Railway\RailwayReservation
INFO  12:05:16 Content root path: C:\Stimulation project\Railway\RailwayReservation
INFO  12:24:18 Application started. Press Ctrl+C to shut down.
INFO  12:24:18 Application started. Press Ctrl+C to shut down.
INFO  12:24:18 Hosting environment: Development
INFO  12:24:18 Hosting environment: Development
INFO  12:24:18 Content root path: C:\Stimulation project\Railway\RailwayReservation
INFO  12:24:18 Content root path: C:\Stimulation project\Railway\RailwayReservation
INFO  01:12:45 Application started. Press Ctrl+C to shut down.
INFO  01:12:45 Application started. Press Ctrl+C to shut down.
INFO  01:12:45 Hosting environment: Development
INFO  01:12:45 Hosting environment: Development
INFO  01:12:45 Content root path: C:\Stimulation project\Railway\RailwayReservation
INFO  01:12:45 Content root path: C:\Stimulation project\Railway\RailwayReservation
INFO  01:14:34 Get BookingDetails by Id accessed
INFO  01:16:32 Book Details Getting Added
INFO  01:26:27 Book Details Getting Added
INFO  01:26:34 Get BookingDetails by Id accessed
INFO  01:31:20 Book Details Getting Added
INFO  01:31:26 Get BookingDetails by Id accessed
INFO  01:38:32 Get BookingDetails by Id accessed
INFO  01:41:37 Book Details Getting Added
INFO  01:47:51 Book Details Getting Added
INFO  02:02:41 Get BookingDetails by Id accessed
INFO  02:03:01 Book Details Getting Added
INFO  02:03:04 Get BookingDetails by Id accessed
INFO  02:05:43 Book Details Getting Added
INFO  02:05:44 Get BookingDetails by Id accessed
INFO  02:31:01 Application started. Press Ctrl+C to shut down.
INFO  02:31:01 Application started. Press Ctrl+C to shut down.
INFO  02:31:01 Hosting environment: Development
INFO  02:31:01 Hosting environment: Development
INFO  02:31:01 Content root path: C:\Stimulation project\Railway\RailwayReservation
INFO  02:31:01 Content root path: C:\Stimulation project\Railway\RailwayReservation
INFO  03:02:46 Application started. Press Ctrl+C to shut down.
INFO  03:02:46 Application started. Press Ctrl+C to shut down.
INFO  03:02:46 Hosting environment: Development
INFO  03:02:46 Hosting environment: Development
INFO  03:02:46 Content root path: C:\Stimulation project\Railway\RailwayReservation
INFO  03:02:46 Content root path: C:\Stimulation project\Railway\RailwayReservation
INFO  03:03:28 Application started. Press Ctrl+C to shut down.
INFO  03:03:28 Application started. Press Ctrl+C to shut down.
INFO  03:03:28 Hosting environment: Development
INFO  03:03:28 Hosting environment: Development
INFO  03:03:28 Content root path: C:\Stimulation project\Railway\RailwayReservation
INFO  03:03:28 Content root path: C:\Stimulation project\Railway\RailwayReservation
INFO  03:03:50 Get BookingDetails by Id accessed
INFO  04:04:58 Book Details Getting Added
INFO  04:05:19 Get BookingDetails by Id accessed
INFO  04:07:32 Book Details Getting Added
INFO  04:07:35 Get BookingDetails by Id accessed
INFO  04:09:20 Get BookingDetails by Id accessed
INFO  04:13:12 Get BookingDetails by Id accessed
INFO  04:13:15 Get BookingDetails by Id accessed
INFO  04:13:17 Get BookingDetails by Id accessed
INFO  04:14:42 Get BookingDetails by Id accessed
INFO  04:17:44 Get BookingDetails by Id accessed
INFO  04:19:54 Get BookingDetails by Id accessed
INFO  04:20:16 Get BookingDetails by Id accessed
INFO  04:22:54 Get BookingDetails by Id accessed
INFO  04:30:58 Get BookingDetails by Id accessed
INFO  04:39:46 Book Details Getting Added
INFO  04:39:52 Get BookingDetails by Id accessed
INFO  05:50:37 Get BookingDetails by Id accessed
INFO  05:53:41 Book Details Getting Added
INFO  05:53:48 Get BookingDetails by Id accessed
INFO  09:47:48 Application started. Press Ctrl+C to shut down.
INFO  09:47:48 Application started. Press Ctrl+C to shut down.
INFO  09:47:48 Hosting environment: Development
INFO  09:47:48 Hosting environment: Development
INFO  09:47:48 Content root path: C:\Stimulation project\Railway\RailwayReservation
INFO  09:47:48 Content root path: C:\Stimulation project\Railway\RailwayReservation
INFO  09:48:14 Get BookingDetails by Id accessed
INFO  09:48:22 Get BookingDetails by Id accessed
INFO  09:53:59 Application started. Press Ctrl+C to shut down.
INFO  09:53:59 Application started. Press Ctrl+C to shut down.
INFO  09:53:59 Hosting environment: Development
INFO  09:53:59 Hosting environment: Development
INFO  09:53:59 Content root path: C:\Stimulation project\Railway\RailwayReservation
INFO  09:53:59 Content root path: C:\Stimulation project\Railway\RailwayReservation
INFO  09:54:21 Get BookingDetails by Id 
INFO  10:10:46 Booking Details Getting Added
INFO  10:10:54 Get BookingDetails by Id 
INFO  10:11:02 Get BookingDetails by Id 
INFO  10:11:03 Get BookingDetails by Id 
INFO  10:11:11 Get BookingDetails by Id 
INFO  10:12:18 Booking Details Getting Added
INFO  10:12:20 Get BookingDetails by Id 
INFO  10:15:33 Booking Details Getting Added
INFO  10:15:38 Get BookingDetails by Id 
INFO  10:16:22 Booking Details Getting Added
INFO  10:19:03 Application started. Press Ctrl+C to shut down.
INFO  10:19:03 Application started. Press Ctrl+C to shut down.
INFO  10:19:03 Hosting environment: Development
INFO  10:19:03 Hosting environment: Development
INFO  10:19:03 Content root path: C:\Stimulation project\Railway\RailwayReservation
INFO  10:19:03 Content root path: C:\Stimulation project\Railway\RailwayReservation
INFO  10:25:18 Application started. Press Ctrl+C to shut down.
INFO  10:25:18 Application started. Press Ctrl+C to shut down.
INFO  10:25:18 Hosting environment: Development
INFO  10:25:18 Hosting environment: Development
INFO  10:25:18 Content root path: C:\Stimulation project\Railway\RailwayReservation
INFO  10:25:18 Content root path: C:\Stimulation project\Railway\RailwayReservation
INFO  10:29:45 Booking Details Getting Added
INFO  10:29:53 Get BookingDetails by Id 
INFO  10:32:37 Booking Details Getting Added
INFO  10:32:39 Get BookingDetails by Id 
