INFO  05:10:07 Application started. Press Ctrl+C to shut down.
INFO  05:10:07 Application started. Press Ctrl+C to shut down.
INFO  05:10:07 Hosting environment: Development
INFO  05:10:07 Hosting environment: Development
INFO  05:10:07 Content root path: C:\Stimulation project\TicketService\TicketService
INFO  05:10:07 Content root path: C:\Stimulation project\TicketService\TicketService
INFO  05:10:39 Http GET is accesed
INFO  05:11:00 Http GET is accessed1
INFO  02:51:50 Application started. Press Ctrl+C to shut down.
INFO  02:51:50 Application started. Press Ctrl+C to shut down.
INFO  02:51:50 Hosting environment: Development
INFO  02:51:50 Hosting environment: Development
INFO  02:51:51 Content root path: C:\Stimulation project\TicketService\TicketService
INFO  02:51:51 Content root path: C:\Stimulation project\TicketService\TicketService
INFO  02:52:08 Http GET is accesed
INFO  02:52:44 Http GET is accessed1
INFO  09:25:45 Application started. Press Ctrl+C to shut down.
INFO  09:25:45 Application started. Press Ctrl+C to shut down.
INFO  09:25:45 Hosting environment: Development
INFO  09:25:45 Hosting environment: Development
INFO  09:25:45 Content root path: C:\Stimulation project\TicketService\TicketService
INFO  09:25:45 Content root path: C:\Stimulation project\TicketService\TicketService
INFO  09:26:55 Application started. Press Ctrl+C to shut down.
INFO  09:26:55 Application started. Press Ctrl+C to shut down.
INFO  09:26:55 Hosting environment: Development
INFO  09:26:55 Hosting environment: Development
INFO  09:26:55 Content root path: C:\Stimulation project\TicketService\TicketService
INFO  09:26:55 Content root path: C:\Stimulation project\TicketService\TicketService
INFO  04:53:53 Application started. Press Ctrl+C to shut down.
INFO  04:53:54 Application started. Press Ctrl+C to shut down.
INFO  04:53:54 Hosting environment: Development
INFO  04:53:54 Hosting environment: Development
INFO  04:53:54 Content root path: C:\Stimulation project\TicketService\TicketService
INFO  04:53:54 Content root path: C:\Stimulation project\TicketService\TicketService
INFO  04:54:16 Http GET is accesed
INFO  10:15:12 Application started. Press Ctrl+C to shut down.
INFO  10:15:12 Application started. Press Ctrl+C to shut down.
INFO  10:15:12 Hosting environment: Development
INFO  10:15:12 Hosting environment: Development
INFO  10:15:12 Content root path: C:\Stimulation project\TicketService\TicketService
INFO  10:15:12 Content root path: C:\Stimulation project\TicketService\TicketService
INFO  11:41:19 Application started. Press Ctrl+C to shut down.
INFO  11:41:19 Application started. Press Ctrl+C to shut down.
INFO  11:41:19 Hosting environment: Development
INFO  11:41:19 Hosting environment: Development
INFO  11:41:19 Content root path: C:\Stimulation project\TicketService\TicketService
INFO  11:41:19 Content root path: C:\Stimulation project\TicketService\TicketService
INFO  11:42:17 Http GET is accesed
INFO  11:44:26 Now listening on: https://localhost:5001
INFO  11:44:26 Now listening on: https://localhost:5001
INFO  11:44:26 Now listening on: http://localhost:5000
INFO  11:44:26 Now listening on: http://localhost:5000
INFO  11:44:26 Application started. Press Ctrl+C to shut down.
INFO  11:44:26 Application started. Press Ctrl+C to shut down.
INFO  11:44:26 Hosting environment: Development
INFO  11:44:26 Hosting environment: Development
INFO  11:44:26 Content root path: C:\Stimulation project\TicketService\TicketService
INFO  11:44:26 Content root path: C:\Stimulation project\TicketService\TicketService
INFO  11:44:55 Now listening on: https://localhost:5001
INFO  11:44:55 Now listening on: https://localhost:5001
INFO  11:44:55 Now listening on: http://localhost:5000
INFO  11:44:55 Now listening on: http://localhost:5000
INFO  11:44:55 Application started. Press Ctrl+C to shut down.
INFO  11:44:55 Application started. Press Ctrl+C to shut down.
INFO  11:44:55 Hosting environment: Development
INFO  11:44:55 Hosting environment: Development
INFO  11:44:55 Content root path: C:\Stimulation project\TicketService\TicketService
INFO  11:44:55 Content root path: C:\Stimulation project\TicketService\TicketService
INFO  11:45:49 Http GET is accessed1
INFO  11:46:18 Now listening on: https://localhost:5001
INFO  11:46:18 Now listening on: https://localhost:5001
INFO  11:46:18 Now listening on: http://localhost:5000
INFO  11:46:18 Now listening on: http://localhost:5000
INFO  11:46:18 Application started. Press Ctrl+C to shut down.
INFO  11:46:18 Application started. Press Ctrl+C to shut down.
INFO  11:46:18 Hosting environment: Development
INFO  11:46:18 Hosting environment: Development
INFO  11:46:18 Content root path: C:\Stimulation project\TicketService\TicketService
INFO  11:46:18 Content root path: C:\Stimulation project\TicketService\TicketService
INFO  11:46:35 Application started. Press Ctrl+C to shut down.
INFO  11:46:35 Application started. Press Ctrl+C to shut down.
INFO  11:46:35 Hosting environment: Development
INFO  11:46:35 Hosting environment: Development
INFO  11:46:35 Content root path: C:\Stimulation project\TicketService\TicketService
INFO  11:46:35 Content root path: C:\Stimulation project\TicketService\TicketService
INFO  11:47:15 Application started. Press Ctrl+C to shut down.
INFO  11:47:15 Application started. Press Ctrl+C to shut down.
INFO  11:47:15 Hosting environment: Development
INFO  11:47:15 Hosting environment: Development
INFO  11:47:15 Content root path: C:\Stimulation project\TicketService\TicketService
INFO  11:47:15 Content root path: C:\Stimulation project\TicketService\TicketService
INFO  11:52:41 Application started. Press Ctrl+C to shut down.
INFO  11:52:41 Application started. Press Ctrl+C to shut down.
INFO  11:52:41 Hosting environment: Development
INFO  11:52:41 Hosting environment: Development
INFO  11:52:41 Content root path: C:\Stimulation project\TicketService\TicketService
INFO  11:52:41 Content root path: C:\Stimulation project\TicketService\TicketService
INFO  12:06:11 Now listening on: https://localhost:5001
INFO  12:06:11 Now listening on: https://localhost:5001
INFO  12:06:11 Now listening on: http://localhost:5000
INFO  12:06:11 Now listening on: http://localhost:5000
INFO  12:06:11 Application started. Press Ctrl+C to shut down.
INFO  12:06:11 Application started. Press Ctrl+C to shut down.
INFO  12:06:11 Hosting environment: Development
INFO  12:06:11 Hosting environment: Development
INFO  12:06:11 Content root path: C:\Stimulation project\TicketService\TicketService
INFO  12:06:11 Content root path: C:\Stimulation project\TicketService\TicketService
INFO  12:06:52 Now listening on: https://localhost:5001
INFO  12:06:52 Now listening on: https://localhost:5001
INFO  12:06:52 Now listening on: http://localhost:5000
INFO  12:06:52 Now listening on: http://localhost:5000
INFO  12:06:52 Application started. Press Ctrl+C to shut down.
INFO  12:06:52 Application started. Press Ctrl+C to shut down.
INFO  12:06:52 Hosting environment: Development
INFO  12:06:52 Hosting environment: Development
INFO  12:06:52 Content root path: C:\Stimulation project\TicketService\TicketService
INFO  12:06:52 Content root path: C:\Stimulation project\TicketService\TicketService
INFO  12:07:40 Now listening on: https://localhost:5001
INFO  12:07:40 Now listening on: https://localhost:5001
INFO  12:07:40 Now listening on: http://localhost:5000
INFO  12:07:40 Now listening on: http://localhost:5000
INFO  12:07:40 Application started. Press Ctrl+C to shut down.
INFO  12:07:40 Application started. Press Ctrl+C to shut down.
INFO  12:07:40 Hosting environment: Development
INFO  12:07:40 Hosting environment: Development
INFO  12:07:40 Content root path: C:\Stimulation project\TicketService\TicketService
INFO  12:07:40 Content root path: C:\Stimulation project\TicketService\TicketService
INFO  12:14:18 Application started. Press Ctrl+C to shut down.
INFO  12:14:18 Application started. Press Ctrl+C to shut down.
INFO  12:14:18 Hosting environment: Development
INFO  12:14:18 Hosting environment: Development
INFO  12:14:18 Content root path: C:\Stimulation project\TicketService\TicketService
INFO  12:14:18 Content root path: C:\Stimulation project\TicketService\TicketService
INFO  12:49:30 Application started. Press Ctrl+C to shut down.
INFO  12:49:30 Application started. Press Ctrl+C to shut down.
INFO  12:49:30 Hosting environment: Development
INFO  12:49:30 Hosting environment: Development
INFO  12:49:30 Content root path: C:\Stimulation project\TicketService\TicketService
INFO  12:49:30 Content root path: C:\Stimulation project\TicketService\TicketService
INFO  12:49:42 Http GET is accesed
INFO  12:50:47 Http GET is accesed
INFO  12:51:28 Http GET is accessed1
INFO  12:56:49 Http GET is accesed
INFO  12:57:00 Http GET is accessed2
INFO  12:57:26 Http GET is accessed2
INFO  01:16:24 Http GET is accesed
INFO  01:16:27 Http GET is accessed2
INFO  01:16:32 Http GET is accessed2
INFO  01:16:32 Http GET is accesed
INFO  01:26:01 Http GET is accesed
INFO  01:26:22 Http GET is accessed5
INFO  01:26:27 Http GET is accessed5
INFO  01:26:27 Http GET is accesed
INFO  01:31:13 Http GET is accesed
INFO  01:31:17 Http GET is accessed4
INFO  01:31:20 Http GET is accessed4
INFO  01:31:20 Http GET is accesed
INFO  01:32:05 Http GET is accessed1
INFO  01:38:29 Http GET is accesed
INFO  01:41:33 Http GET is accesed
INFO  01:41:35 Http GET is accessed5
INFO  01:41:37 Http GET is accessed5
INFO  01:41:37 Http GET is accesed
INFO  01:47:48 Http GET is accesed
INFO  01:47:50 Http GET is accessed1
INFO  01:47:51 Http GET is accessed1
INFO  01:47:52 Http GET is accesed
INFO  02:02:59 Http GET is accessed1
INFO  02:03:01 Http GET is accessed1
INFO  02:03:01 Http GET is accesed
INFO  02:04:09 Http GET is accessed1
INFO  02:05:37 Http GET is accesed
INFO  02:05:41 Http GET is accessed2
INFO  02:05:43 Http GET is accessed2
INFO  02:05:43 Http GET is accesed
INFO  02:23:46 Http GET is accesed
INFO  03:58:45 Application started. Press Ctrl+C to shut down.
INFO  03:58:45 Application started. Press Ctrl+C to shut down.
INFO  03:58:45 Hosting environment: Development
INFO  03:58:45 Hosting environment: Development
INFO  03:58:45 Content root path: C:\Stimulation project\TicketService\TicketService
INFO  03:58:45 Content root path: C:\Stimulation project\TicketService\TicketService
INFO  04:00:44 Http GET is accesed
INFO  04:02:38 Http GET is accesed
INFO  04:04:43 Http GET is accessed3
INFO  04:04:54 Http GET is accessed3
INFO  04:05:00 Http GET is accesed
INFO  04:05:52 Http GET is accesed
INFO  04:05:56 Http GET is accessed9
INFO  04:05:59 Http GET is accesed
INFO  04:07:29 Http GET is accessed9
INFO  04:07:32 Http GET is accessed9
INFO  04:07:32 Http GET is accesed
INFO  04:09:02 Http GET is accesed
INFO  04:13:00 Http GET is accesed
INFO  04:13:25 Http GET is accessed2
INFO  04:14:31 Http GET is accessed3
INFO  04:14:38 Http GET is accesed
INFO  04:17:33 Http GET is accesed
INFO  04:18:00 Http GET is accessed3
INFO  04:19:43 Http GET is accessed2
INFO  04:20:29 Http GET is accessed2
INFO  04:22:52 Http GET is accesed
INFO  04:28:03 Http GET is accesed
INFO  04:30:48 Http GET is accesed
INFO  04:31:14 Http GET is accessed2
INFO  04:31:22 Http GET is accessed2
INFO  04:32:42 Http GET is accessed2
INFO  04:34:17 Http GET is accesed
INFO  04:39:34 Http GET is accesed
INFO  04:39:39 Http GET is accessed2
INFO  04:39:44 Http GET is accessed2
INFO  04:39:47 Http GET is accesed
INFO  04:49:59 Http GET is accesed
INFO  04:50:07 Http GET is accessed2
INFO  04:51:41 Http GET is accesed
INFO  04:56:48 Http GET is accesed
INFO  05:05:56 Http GET is accesed
INFO  05:33:25 Http GET is accesed
INFO  05:33:32 Http GET is accessed2
INFO  05:33:41 Http GET is accesed
INFO  05:35:19 Http GET is accesed
INFO  05:35:23 Http GET is accesed
INFO  05:36:25 Http GET is accesed
INFO  05:38:08 Http GET is accesed
INFO  05:38:11 Http GET is accesed
INFO  05:40:54 Http GET is accesed
INFO  05:47:13 Http GET is accesed
INFO  05:49:14 Http GET is accesed
INFO  05:50:27 Http GET is accesed
INFO  05:51:54 Http GET is accesed
INFO  05:52:01 Http GET is accessed7
INFO  05:53:28 Http GET is accesed
INFO  05:53:29 Http GET is accesed
INFO  05:53:34 Http GET is accessed2
INFO  05:53:40 Http GET is accessed2
INFO  05:53:43 Http GET is accesed
